#-----------------------------------------------------------
# Webtalk v2017.1_sdx (64-bit)
# SW Build 1915620 on Thu Jun 22 17:54:58 MDT 2017
# 
# Start of session at: Tue Apr 17 22:24:46 2018
# Process ID: 7544
# Current directory: C:/Users/drp1/CPRE488-Final-Project/project/FinalProject/FinalProject.sdk/webtalk
# Command line: wbtcv.exe -mode batch -source sdk_webtalk.tcl
# Log file: C:/Users/drp1/CPRE488-Final-Project/project/FinalProject/FinalProject.sdk/webtalk/webtalk.log
# Journal file: C:/Users/drp1/CPRE488-Final-Project/project/FinalProject/FinalProject.sdk/webtalk\webtalk.jou
#-----------------------------------------------------------
source sdk_webtalk.tcl
# webtalk_init -webtalk_dir C:\\Users\\drp1\\CPRE488-Final-Project\\project\\FinalProject\\FinalProject.sdk\\webtalk
# webtalk_register_client -client project
# webtalk_add_data -client project -key date_generated -value "2018-04-17 22:24:45" -context "software_version_and_target_device"
# webtalk_add_data -client project -key product_version -value "SDK v2017.1" -context "software_version_and_target_device"
# webtalk_add_data -client project -key build_version -value "2017.1" -context "software_version_and_target_device"
# webtalk_add_data -client project -key os_platform -value "amd64" -context "software_version_and_target_device"
# webtalk_add_data -client project -key registration_id -value "174156856_174156857_210589608_946" -context "software_version_and_target_device"
# webtalk_add_data -client project -key tool_flow -value "SDK" -context "software_version_and_target_device"
# webtalk_add_data -client project -key beta -value "false" -context "software_version_and_target_device"
# webtalk_add_data -client project -key route_design -value "NA" -context "software_version_and_target_device"
# webtalk_add_data -client project -key target_family -value "NA" -context "software_version_and_target_device"
# webtalk_add_data -client project -key target_device -value "NA" -context "software_version_and_target_device"
# webtalk_add_data -client project -key target_package -value "NA" -context "software_version_and_target_device"
# webtalk_add_data -client project -key target_speed -value "NA" -context "software_version_and_target_device"
# webtalk_add_data -client project -key random_id -value "f3jfm6m2g9ehtnno10nojmk4ga" -context "software_version_and_target_device"
# webtalk_add_data -client project -key project_id -value "2017.1_4" -context "software_version_and_target_device"
# webtalk_add_data -client project -key project_iteration -value "4" -context "software_version_and_target_device"
# webtalk_add_data -client project -key os_name -value "Microsoft Windows 8 or later , 64-bit" -context "user_environment"
# webtalk_add_data -client project -key os_release -value "major release  (build 9200)" -context "user_environment"
# webtalk_add_data -client project -key cpu_name -value "Intel(R) Xeon(R) CPU E3-1240 v5 @ 3.50GHz" -context "user_environment"
# webtalk_add_data -client project -key cpu_speed -value "3504 MHz" -context "user_environment"
# webtalk_add_data -client project -key total_processors -value "1" -context "user_environment"
# webtalk_add_data -client project -key system_ram -value "17.000 GB" -context "user_environment"
# webtalk_register_client -client sdk
# webtalk_add_data -client sdk -key uid -value "1524010707340" -context "sdk\\\\bsp/1524010707340"
# webtalk_add_data -client sdk -key hwid -value "1524004979450" -context "sdk\\\\bsp/1524010707340"
# webtalk_add_data -client sdk -key os -value "standalone" -context "sdk\\\\bsp/1524010707340"
# webtalk_add_data -client sdk -key apptemplate -value "hello_world" -context "sdk\\\\bsp/1524010707340"
# webtalk_add_data -client sdk -key RecordType -value "BSPCreation" -context "sdk\\\\bsp/1524010707340"
# webtalk_add_data -client sdk -key uid -value "1524010708201" -context "sdk\\\\application/1524010708201"
# webtalk_add_data -client sdk -key hwid -value "1524004979450" -context "sdk\\\\application/1524010708201"
# webtalk_add_data -client sdk -key bspid -value "1524010707340" -context "sdk\\\\application/1524010708201"
# webtalk_add_data -client sdk -key newbsp -value "true" -context "sdk\\\\application/1524010708201"
# webtalk_add_data -client sdk -key os -value "standalone" -context "sdk\\\\application/1524010708201"
# webtalk_add_data -client sdk -key apptemplate -value "hello_world" -context "sdk\\\\application/1524010708201"
# webtalk_add_data -client sdk -key RecordType -value "APPCreation" -context "sdk\\\\application/1524010708201"
# webtalk_add_data -client sdk -key LangUsed -value "C" -context "sdk\\\\application/1524010708201"
# webtalk_add_data -client sdk -key Procused -value "ps7_cortexa9" -context "sdk\\\\application/1524010708201"
# webtalk_add_data -client sdk -key uid -value "1524010847028" -context "sdk\\\\bsp/1524010847028"
# webtalk_add_data -client sdk -key hwid -value "1524004979450" -context "sdk\\\\bsp/1524010847028"
# webtalk_add_data -client sdk -key os -value "standalone" -context "sdk\\\\bsp/1524010847028"
# webtalk_add_data -client sdk -key apptemplate -value "peripheral_tests" -context "sdk\\\\bsp/1524010847028"
# webtalk_add_data -client sdk -key RecordType -value "BSPCreation" -context "sdk\\\\bsp/1524010847028"
# webtalk_add_data -client sdk -key uid -value "1524010847841" -context "sdk\\\\application/1524010847841"
# webtalk_add_data -client sdk -key hwid -value "1524004979450" -context "sdk\\\\application/1524010847841"
# webtalk_add_data -client sdk -key bspid -value "1524010847028" -context "sdk\\\\application/1524010847841"
# webtalk_add_data -client sdk -key newbsp -value "true" -context "sdk\\\\application/1524010847841"
# webtalk_add_data -client sdk -key os -value "standalone" -context "sdk\\\\application/1524010847841"
# webtalk_add_data -client sdk -key apptemplate -value "peripheral_tests" -context "sdk\\\\application/1524010847841"
# webtalk_add_data -client sdk -key RecordType -value "APPCreation" -context "sdk\\\\application/1524010847841"
# webtalk_add_data -client sdk -key LangUsed -value "C" -context "sdk\\\\application/1524010847841"
# webtalk_add_data -client sdk -key Procused -value "ps7_cortexa9" -context "sdk\\\\application/1524010847841"
# webtalk_add_data -client sdk -key uid -value "1524018354634" -context "sdk\\\\bsp/1524018354634"
# webtalk_add_data -client sdk -key hwid -value "1524004979450" -context "sdk\\\\bsp/1524018354634"
# webtalk_add_data -client sdk -key os -value "standalone" -context "sdk\\\\bsp/1524018354634"
# webtalk_add_data -client sdk -key apptemplate -value "null" -context "sdk\\\\bsp/1524018354634"
# webtalk_add_data -client sdk -key RecordType -value "BSPCreation" -context "sdk\\\\bsp/1524018354634"
# webtalk_add_data -client sdk -key uid -value "1524018540799" -context "sdk\\\\application/1524018540799"
# webtalk_add_data -client sdk -key hwid -value "1524004979450" -context "sdk\\\\application/1524018540799"
# webtalk_add_data -client sdk -key bspid -value "1524018354634" -context "sdk\\\\application/1524018540799"
# webtalk_add_data -client sdk -key newbsp -value "false" -context "sdk\\\\application/1524018540799"
# webtalk_add_data -client sdk -key os -value "standalone" -context "sdk\\\\application/1524018540799"
# webtalk_add_data -client sdk -key apptemplate -value "hello_world" -context "sdk\\\\application/1524018540799"
# webtalk_add_data -client sdk -key RecordType -value "APPCreation" -context "sdk\\\\application/1524018540799"
# webtalk_add_data -client sdk -key LangUsed -value "C" -context "sdk\\\\application/1524018540799"
# webtalk_add_data -client sdk -key Procused -value "ps7_cortexa9" -context "sdk\\\\application/1524018540799"
# webtalk_add_data -client sdk -key projSize -value "273.6015625" -context "sdk\\\\application/1524018540799"
# webtalk_add_data -client sdk -key uid -value "NA" -context "sdk\\\\bsp/1524021885725"
# webtalk_add_data -client sdk -key RecordType -value "ToolUsage" -context "sdk\\\\bsp/1524021885725"
# webtalk_add_data -client sdk -key BootgenCount -value "0" -context "sdk\\\\bsp/1524021885725"
# webtalk_add_data -client sdk -key DebugCount -value "0" -context "sdk\\\\bsp/1524021885725"
# webtalk_add_data -client sdk -key PerfCount -value "0" -context "sdk\\\\bsp/1524021885725"
# webtalk_add_data -client sdk -key FlashCount -value "0" -context "sdk\\\\bsp/1524021885725"
# webtalk_add_data -client sdk -key CrossTriggCount -value "0" -context "sdk\\\\bsp/1524021885725"
# webtalk_add_data -client sdk -key QemuDebugCount -value "0" -context "sdk\\\\bsp/1524021885725"
# webtalk_transmit -clientid 4129773781 -regid "174156856_174156857_210589608_946" -xml C:\\Users\\drp1\\CPRE488-Final-Project\\project\\FinalProject\\FinalProject.sdk\\webtalk\\usage_statistics_ext_sdk.xml -html C:\\Users\\drp1\\CPRE488-Final-Project\\project\\FinalProject\\FinalProject.sdk\\webtalk\\usage_statistics_ext_sdk.html -wdm C:\\Users\\drp1\\CPRE488-Final-Project\\project\\FinalProject\\FinalProject.sdk\\webtalk\\sdk_webtalk.wdm -intro "<H3>SDK Usage Report</H3><BR>"
INFO: [Common 17-186] 'C:\Users\drp1\CPRE488-Final-Project\project\FinalProject\FinalProject.sdk\webtalk\usage_statistics_ext_sdk.xml' has been successfully sent to Xilinx on Tue Apr 17 22:24:50 2018. For additional details about this file, please refer to the WebTalk help file at C:/Xilinx/SDx/2017.1/SDK/doc/webtalk_introduction.html.
# webtalk_terminate
INFO: [Common 17-206] Exiting Webtalk at Tue Apr 17 22:24:50 2018...
