
*** Running vivado
    with args -log design_1_axi_gpio_2_0.vds -m64 -product Vivado -mode batch -messageDb vivado.pb -notrace -source design_1_axi_gpio_2_0.tcl



****** Vivado v2017.1_sdx (64-bit)
  **** SW Build 1915620 on Thu Jun 22 17:54:58 MDT 2017
  **** IP Build 1908669 on Thu Jun 22 19:20:41 MDT 2017
    ** Copyright 1986-2017 Xilinx, Inc. All Rights Reserved.

INFO: [Common 17-1460] Use of init.tcl in C:/Xilinx/SDx/2017.1/Vivado/scripts/init.tcl is deprecated. Please use Vivado_init.tcl 
Sourcing tcl script 'C:/Xilinx/SDx/2017.1/Vivado/scripts/init.tcl'
16 Beta devices matching pattern found, 0 enabled.
Loaded SDSoC Platform Tcl Library
source design_1_axi_gpio_2_0.tcl -notrace
Starting RTL Elaboration : Time (s): cpu = 00:00:03 ; elapsed = 00:00:03 . Memory (MB): peak = 334.746 ; gain = 81.164
INFO: [Synth 8-638] synthesizing module 'design_1_axi_gpio_2_0' [c:/Users/drp1/CPRE488-Final-Project/project/FinalProject/FinalProject.srcs/sources_1/bd/design_1/ip/design_1_axi_gpio_2_0/synth/design_1_axi_gpio_2_0.vhd:85]
INFO: [Synth 8-638] synthesizing module 'axi_gpio' [c:/Users/drp1/CPRE488-Final-Project/project/FinalProject/FinalProject.srcs/sources_1/bd/design_1/ipshared/3b45/hdl/axi_gpio_v2_0_vh_rfs.vhd:1257]
INFO: [Synth 8-638] synthesizing module 'axi_lite_ipif' [c:/Users/drp1/CPRE488-Final-Project/project/FinalProject/FinalProject.srcs/sources_1/bd/design_1/ipshared/0ba0/hdl/axi_lite_ipif_v3_0_vh_rfs.vhd:2948]
INFO: [Synth 8-638] synthesizing module 'slave_attachment' [c:/Users/drp1/CPRE488-Final-Project/project/FinalProject/FinalProject.srcs/sources_1/bd/design_1/ipshared/0ba0/hdl/axi_lite_ipif_v3_0_vh_rfs.vhd:2341]
INFO: [Synth 8-638] synthesizing module 'address_decoder' [c:/Users/drp1/CPRE488-Final-Project/project/FinalProject/FinalProject.srcs/sources_1/bd/design_1/ipshared/0ba0/hdl/axi_lite_ipif_v3_0_vh_rfs.vhd:1775]
INFO: [Synth 8-638] synthesizing module 'pselect_f' [c:/Users/drp1/CPRE488-Final-Project/project/FinalProject/FinalProject.srcs/sources_1/bd/design_1/ipshared/0ba0/hdl/axi_lite_ipif_v3_0_vh_rfs.vhd:1534]
INFO: [Synth 8-256] done synthesizing module 'pselect_f' (1#1) [c:/Users/drp1/CPRE488-Final-Project/project/FinalProject/FinalProject.srcs/sources_1/bd/design_1/ipshared/0ba0/hdl/axi_lite_ipif_v3_0_vh_rfs.vhd:1534]
INFO: [Synth 8-638] synthesizing module 'pselect_f__parameterized0' [c:/Users/drp1/CPRE488-Final-Project/project/FinalProject/FinalProject.srcs/sources_1/bd/design_1/ipshared/0ba0/hdl/axi_lite_ipif_v3_0_vh_rfs.vhd:1534]
INFO: [Synth 8-256] done synthesizing module 'pselect_f__parameterized0' (1#1) [c:/Users/drp1/CPRE488-Final-Project/project/FinalProject/FinalProject.srcs/sources_1/bd/design_1/ipshared/0ba0/hdl/axi_lite_ipif_v3_0_vh_rfs.vhd:1534]
INFO: [Synth 8-638] synthesizing module 'pselect_f__parameterized1' [c:/Users/drp1/CPRE488-Final-Project/project/FinalProject/FinalProject.srcs/sources_1/bd/design_1/ipshared/0ba0/hdl/axi_lite_ipif_v3_0_vh_rfs.vhd:1534]
INFO: [Synth 8-256] done synthesizing module 'pselect_f__parameterized1' (1#1) [c:/Users/drp1/CPRE488-Final-Project/project/FinalProject/FinalProject.srcs/sources_1/bd/design_1/ipshared/0ba0/hdl/axi_lite_ipif_v3_0_vh_rfs.vhd:1534]
INFO: [Synth 8-638] synthesizing module 'pselect_f__parameterized2' [c:/Users/drp1/CPRE488-Final-Project/project/FinalProject/FinalProject.srcs/sources_1/bd/design_1/ipshared/0ba0/hdl/axi_lite_ipif_v3_0_vh_rfs.vhd:1534]
INFO: [Synth 8-256] done synthesizing module 'pselect_f__parameterized2' (1#1) [c:/Users/drp1/CPRE488-Final-Project/project/FinalProject/FinalProject.srcs/sources_1/bd/design_1/ipshared/0ba0/hdl/axi_lite_ipif_v3_0_vh_rfs.vhd:1534]
INFO: [Synth 8-638] synthesizing module 'pselect_f__parameterized3' [c:/Users/drp1/CPRE488-Final-Project/project/FinalProject/FinalProject.srcs/sources_1/bd/design_1/ipshared/0ba0/hdl/axi_lite_ipif_v3_0_vh_rfs.vhd:1534]
INFO: [Synth 8-256] done synthesizing module 'pselect_f__parameterized3' (1#1) [c:/Users/drp1/CPRE488-Final-Project/project/FinalProject/FinalProject.srcs/sources_1/bd/design_1/ipshared/0ba0/hdl/axi_lite_ipif_v3_0_vh_rfs.vhd:1534]
INFO: [Synth 8-638] synthesizing module 'pselect_f__parameterized4' [c:/Users/drp1/CPRE488-Final-Project/project/FinalProject/FinalProject.srcs/sources_1/bd/design_1/ipshared/0ba0/hdl/axi_lite_ipif_v3_0_vh_rfs.vhd:1534]
INFO: [Synth 8-256] done synthesizing module 'pselect_f__parameterized4' (1#1) [c:/Users/drp1/CPRE488-Final-Project/project/FinalProject/FinalProject.srcs/sources_1/bd/design_1/ipshared/0ba0/hdl/axi_lite_ipif_v3_0_vh_rfs.vhd:1534]
INFO: [Synth 8-638] synthesizing module 'pselect_f__parameterized5' [c:/Users/drp1/CPRE488-Final-Project/project/FinalProject/FinalProject.srcs/sources_1/bd/design_1/ipshared/0ba0/hdl/axi_lite_ipif_v3_0_vh_rfs.vhd:1534]
INFO: [Synth 8-256] done synthesizing module 'pselect_f__parameterized5' (1#1) [c:/Users/drp1/CPRE488-Final-Project/project/FinalProject/FinalProject.srcs/sources_1/bd/design_1/ipshared/0ba0/hdl/axi_lite_ipif_v3_0_vh_rfs.vhd:1534]
INFO: [Synth 8-638] synthesizing module 'pselect_f__parameterized6' [c:/Users/drp1/CPRE488-Final-Project/project/FinalProject/FinalProject.srcs/sources_1/bd/design_1/ipshared/0ba0/hdl/axi_lite_ipif_v3_0_vh_rfs.vhd:1534]
INFO: [Synth 8-256] done synthesizing module 'pselect_f__parameterized6' (1#1) [c:/Users/drp1/CPRE488-Final-Project/project/FinalProject/FinalProject.srcs/sources_1/bd/design_1/ipshared/0ba0/hdl/axi_lite_ipif_v3_0_vh_rfs.vhd:1534]
INFO: [Synth 8-638] synthesizing module 'pselect_f__parameterized7' [c:/Users/drp1/CPRE488-Final-Project/project/FinalProject/FinalProject.srcs/sources_1/bd/design_1/ipshared/0ba0/hdl/axi_lite_ipif_v3_0_vh_rfs.vhd:1534]
INFO: [Synth 8-256] done synthesizing module 'pselect_f__parameterized7' (1#1) [c:/Users/drp1/CPRE488-Final-Project/project/FinalProject/FinalProject.srcs/sources_1/bd/design_1/ipshared/0ba0/hdl/axi_lite_ipif_v3_0_vh_rfs.vhd:1534]
INFO: [Synth 8-638] synthesizing module 'pselect_f__parameterized8' [c:/Users/drp1/CPRE488-Final-Project/project/FinalProject/FinalProject.srcs/sources_1/bd/design_1/ipshared/0ba0/hdl/axi_lite_ipif_v3_0_vh_rfs.vhd:1534]
INFO: [Synth 8-256] done synthesizing module 'pselect_f__parameterized8' (1#1) [c:/Users/drp1/CPRE488-Final-Project/project/FinalProject/FinalProject.srcs/sources_1/bd/design_1/ipshared/0ba0/hdl/axi_lite_ipif_v3_0_vh_rfs.vhd:1534]
INFO: [Synth 8-638] synthesizing module 'pselect_f__parameterized9' [c:/Users/drp1/CPRE488-Final-Project/project/FinalProject/FinalProject.srcs/sources_1/bd/design_1/ipshared/0ba0/hdl/axi_lite_ipif_v3_0_vh_rfs.vhd:1534]
INFO: [Synth 8-256] done synthesizing module 'pselect_f__parameterized9' (1#1) [c:/Users/drp1/CPRE488-Final-Project/project/FinalProject/FinalProject.srcs/sources_1/bd/design_1/ipshared/0ba0/hdl/axi_lite_ipif_v3_0_vh_rfs.vhd:1534]
INFO: [Synth 8-638] synthesizing module 'pselect_f__parameterized10' [c:/Users/drp1/CPRE488-Final-Project/project/FinalProject/FinalProject.srcs/sources_1/bd/design_1/ipshared/0ba0/hdl/axi_lite_ipif_v3_0_vh_rfs.vhd:1534]
INFO: [Synth 8-256] done synthesizing module 'pselect_f__parameterized10' (1#1) [c:/Users/drp1/CPRE488-Final-Project/project/FinalProject/FinalProject.srcs/sources_1/bd/design_1/ipshared/0ba0/hdl/axi_lite_ipif_v3_0_vh_rfs.vhd:1534]
INFO: [Synth 8-638] synthesizing module 'pselect_f__parameterized11' [c:/Users/drp1/CPRE488-Final-Project/project/FinalProject/FinalProject.srcs/sources_1/bd/design_1/ipshared/0ba0/hdl/axi_lite_ipif_v3_0_vh_rfs.vhd:1534]
INFO: [Synth 8-256] done synthesizing module 'pselect_f__parameterized11' (1#1) [c:/Users/drp1/CPRE488-Final-Project/project/FinalProject/FinalProject.srcs/sources_1/bd/design_1/ipshared/0ba0/hdl/axi_lite_ipif_v3_0_vh_rfs.vhd:1534]
INFO: [Synth 8-638] synthesizing module 'pselect_f__parameterized12' [c:/Users/drp1/CPRE488-Final-Project/project/FinalProject/FinalProject.srcs/sources_1/bd/design_1/ipshared/0ba0/hdl/axi_lite_ipif_v3_0_vh_rfs.vhd:1534]
INFO: [Synth 8-256] done synthesizing module 'pselect_f__parameterized12' (1#1) [c:/Users/drp1/CPRE488-Final-Project/project/FinalProject/FinalProject.srcs/sources_1/bd/design_1/ipshared/0ba0/hdl/axi_lite_ipif_v3_0_vh_rfs.vhd:1534]
INFO: [Synth 8-638] synthesizing module 'pselect_f__parameterized13' [c:/Users/drp1/CPRE488-Final-Project/project/FinalProject/FinalProject.srcs/sources_1/bd/design_1/ipshared/0ba0/hdl/axi_lite_ipif_v3_0_vh_rfs.vhd:1534]
INFO: [Synth 8-256] done synthesizing module 'pselect_f__parameterized13' (1#1) [c:/Users/drp1/CPRE488-Final-Project/project/FinalProject/FinalProject.srcs/sources_1/bd/design_1/ipshared/0ba0/hdl/axi_lite_ipif_v3_0_vh_rfs.vhd:1534]
INFO: [Synth 8-638] synthesizing module 'pselect_f__parameterized14' [c:/Users/drp1/CPRE488-Final-Project/project/FinalProject/FinalProject.srcs/sources_1/bd/design_1/ipshared/0ba0/hdl/axi_lite_ipif_v3_0_vh_rfs.vhd:1534]
INFO: [Synth 8-256] done synthesizing module 'pselect_f__parameterized14' (1#1) [c:/Users/drp1/CPRE488-Final-Project/project/FinalProject/FinalProject.srcs/sources_1/bd/design_1/ipshared/0ba0/hdl/axi_lite_ipif_v3_0_vh_rfs.vhd:1534]
INFO: [Synth 8-638] synthesizing module 'pselect_f__parameterized15' [c:/Users/drp1/CPRE488-Final-Project/project/FinalProject/FinalProject.srcs/sources_1/bd/design_1/ipshared/0ba0/hdl/axi_lite_ipif_v3_0_vh_rfs.vhd:1534]
INFO: [Synth 8-256] done synthesizing module 'pselect_f__parameterized15' (1#1) [c:/Users/drp1/CPRE488-Final-Project/project/FinalProject/FinalProject.srcs/sources_1/bd/design_1/ipshared/0ba0/hdl/axi_lite_ipif_v3_0_vh_rfs.vhd:1534]
INFO: [Synth 8-638] synthesizing module 'pselect_f__parameterized16' [c:/Users/drp1/CPRE488-Final-Project/project/FinalProject/FinalProject.srcs/sources_1/bd/design_1/ipshared/0ba0/hdl/axi_lite_ipif_v3_0_vh_rfs.vhd:1534]
INFO: [Synth 8-256] done synthesizing module 'pselect_f__parameterized16' (1#1) [c:/Users/drp1/CPRE488-Final-Project/project/FinalProject/FinalProject.srcs/sources_1/bd/design_1/ipshared/0ba0/hdl/axi_lite_ipif_v3_0_vh_rfs.vhd:1534]
INFO: [Synth 8-638] synthesizing module 'pselect_f__parameterized17' [c:/Users/drp1/CPRE488-Final-Project/project/FinalProject/FinalProject.srcs/sources_1/bd/design_1/ipshared/0ba0/hdl/axi_lite_ipif_v3_0_vh_rfs.vhd:1534]
INFO: [Synth 8-256] done synthesizing module 'pselect_f__parameterized17' (1#1) [c:/Users/drp1/CPRE488-Final-Project/project/FinalProject/FinalProject.srcs/sources_1/bd/design_1/ipshared/0ba0/hdl/axi_lite_ipif_v3_0_vh_rfs.vhd:1534]
INFO: [Synth 8-638] synthesizing module 'pselect_f__parameterized18' [c:/Users/drp1/CPRE488-Final-Project/project/FinalProject/FinalProject.srcs/sources_1/bd/design_1/ipshared/0ba0/hdl/axi_lite_ipif_v3_0_vh_rfs.vhd:1534]
INFO: [Synth 8-256] done synthesizing module 'pselect_f__parameterized18' (1#1) [c:/Users/drp1/CPRE488-Final-Project/project/FinalProject/FinalProject.srcs/sources_1/bd/design_1/ipshared/0ba0/hdl/axi_lite_ipif_v3_0_vh_rfs.vhd:1534]
INFO: [Synth 8-638] synthesizing module 'pselect_f__parameterized19' [c:/Users/drp1/CPRE488-Final-Project/project/FinalProject/FinalProject.srcs/sources_1/bd/design_1/ipshared/0ba0/hdl/axi_lite_ipif_v3_0_vh_rfs.vhd:1534]
INFO: [Synth 8-256] done synthesizing module 'pselect_f__parameterized19' (1#1) [c:/Users/drp1/CPRE488-Final-Project/project/FinalProject/FinalProject.srcs/sources_1/bd/design_1/ipshared/0ba0/hdl/axi_lite_ipif_v3_0_vh_rfs.vhd:1534]
INFO: [Synth 8-638] synthesizing module 'pselect_f__parameterized20' [c:/Users/drp1/CPRE488-Final-Project/project/FinalProject/FinalProject.srcs/sources_1/bd/design_1/ipshared/0ba0/hdl/axi_lite_ipif_v3_0_vh_rfs.vhd:1534]
INFO: [Synth 8-256] done synthesizing module 'pselect_f__parameterized20' (1#1) [c:/Users/drp1/CPRE488-Final-Project/project/FinalProject/FinalProject.srcs/sources_1/bd/design_1/ipshared/0ba0/hdl/axi_lite_ipif_v3_0_vh_rfs.vhd:1534]
INFO: [Synth 8-256] done synthesizing module 'address_decoder' (2#1) [c:/Users/drp1/CPRE488-Final-Project/project/FinalProject/FinalProject.srcs/sources_1/bd/design_1/ipshared/0ba0/hdl/axi_lite_ipif_v3_0_vh_rfs.vhd:1775]
INFO: [Synth 8-256] done synthesizing module 'slave_attachment' (3#1) [c:/Users/drp1/CPRE488-Final-Project/project/FinalProject/FinalProject.srcs/sources_1/bd/design_1/ipshared/0ba0/hdl/axi_lite_ipif_v3_0_vh_rfs.vhd:2341]
INFO: [Synth 8-256] done synthesizing module 'axi_lite_ipif' (4#1) [c:/Users/drp1/CPRE488-Final-Project/project/FinalProject/FinalProject.srcs/sources_1/bd/design_1/ipshared/0ba0/hdl/axi_lite_ipif_v3_0_vh_rfs.vhd:2948]
INFO: [Synth 8-638] synthesizing module 'interrupt_control' [c:/Users/drp1/CPRE488-Final-Project/project/FinalProject/FinalProject.srcs/sources_1/bd/design_1/ipshared/e956/hdl/interrupt_control_v3_1_vh_rfs.vhd:259]
INFO: [Synth 8-256] done synthesizing module 'interrupt_control' (5#1) [c:/Users/drp1/CPRE488-Final-Project/project/FinalProject/FinalProject.srcs/sources_1/bd/design_1/ipshared/e956/hdl/interrupt_control_v3_1_vh_rfs.vhd:259]
INFO: [Synth 8-638] synthesizing module 'GPIO_Core' [c:/Users/drp1/CPRE488-Final-Project/project/FinalProject/FinalProject.srcs/sources_1/bd/design_1/ipshared/3b45/hdl/axi_gpio_v2_0_vh_rfs.vhd:177]
INFO: [Synth 8-638] synthesizing module 'cdc_sync' [c:/Users/drp1/CPRE488-Final-Project/project/FinalProject/FinalProject.srcs/sources_1/bd/design_1/ipshared/52cb/hdl/lib_cdc_v1_0_rfs.vhd:106]
INFO: [Synth 8-256] done synthesizing module 'cdc_sync' (6#1) [c:/Users/drp1/CPRE488-Final-Project/project/FinalProject/FinalProject.srcs/sources_1/bd/design_1/ipshared/52cb/hdl/lib_cdc_v1_0_rfs.vhd:106]
INFO: [Synth 8-256] done synthesizing module 'GPIO_Core' (7#1) [c:/Users/drp1/CPRE488-Final-Project/project/FinalProject/FinalProject.srcs/sources_1/bd/design_1/ipshared/3b45/hdl/axi_gpio_v2_0_vh_rfs.vhd:177]
INFO: [Synth 8-256] done synthesizing module 'axi_gpio' (8#1) [c:/Users/drp1/CPRE488-Final-Project/project/FinalProject/FinalProject.srcs/sources_1/bd/design_1/ipshared/3b45/hdl/axi_gpio_v2_0_vh_rfs.vhd:1257]
INFO: [Synth 8-256] done synthesizing module 'design_1_axi_gpio_2_0' (9#1) [c:/Users/drp1/CPRE488-Final-Project/project/FinalProject/FinalProject.srcs/sources_1/bd/design_1/ip/design_1_axi_gpio_2_0/synth/design_1_axi_gpio_2_0.vhd:85]
Finished RTL Elaboration : Time (s): cpu = 00:00:04 ; elapsed = 00:00:04 . Memory (MB): peak = 376.828 ; gain = 123.246
Finished RTL Optimization Phase 1 : Time (s): cpu = 00:00:04 ; elapsed = 00:00:04 . Memory (MB): peak = 376.828 ; gain = 123.246
INFO: [Device 21-403] Loading part xc7z020clg484-1
Constraint Validation Runtime : Time (s): cpu = 00:00:00 ; elapsed = 00:00:00.033 . Memory (MB): peak = 699.270 ; gain = 0.000
Finished Constraint Validation : Time (s): cpu = 00:00:12 ; elapsed = 00:00:13 . Memory (MB): peak = 699.270 ; gain = 445.688
Finished Loading Part and Timing Information : Time (s): cpu = 00:00:12 ; elapsed = 00:00:13 . Memory (MB): peak = 699.270 ; gain = 445.688
Finished applying 'set_property' XDC Constraints : Time (s): cpu = 00:00:13 ; elapsed = 00:00:13 . Memory (MB): peak = 699.270 ; gain = 445.688
Finished RTL Optimization Phase 2 : Time (s): cpu = 00:00:13 ; elapsed = 00:00:13 . Memory (MB): peak = 699.270 ; gain = 445.688
Finished Cross Boundary and Area Optimization : Time (s): cpu = 00:00:14 ; elapsed = 00:00:14 . Memory (MB): peak = 699.270 ; gain = 445.688
Finished Applying XDC Timing Constraints : Time (s): cpu = 00:00:24 ; elapsed = 00:00:24 . Memory (MB): peak = 699.270 ; gain = 445.688
Finished Timing Optimization : Time (s): cpu = 00:00:24 ; elapsed = 00:00:24 . Memory (MB): peak = 699.270 ; gain = 445.688
Finished Technology Mapping : Time (s): cpu = 00:00:24 ; elapsed = 00:00:24 . Memory (MB): peak = 699.270 ; gain = 445.688
Finished IO Insertion : Time (s): cpu = 00:00:25 ; elapsed = 00:00:25 . Memory (MB): peak = 699.270 ; gain = 445.688
Finished Renaming Generated Instances : Time (s): cpu = 00:00:25 ; elapsed = 00:00:25 . Memory (MB): peak = 699.270 ; gain = 445.688
Finished Rebuilding User Hierarchy : Time (s): cpu = 00:00:25 ; elapsed = 00:00:25 . Memory (MB): peak = 699.270 ; gain = 445.688
Finished Renaming Generated Ports : Time (s): cpu = 00:00:25 ; elapsed = 00:00:25 . Memory (MB): peak = 699.270 ; gain = 445.688
Finished Handling Custom Attributes : Time (s): cpu = 00:00:25 ; elapsed = 00:00:25 . Memory (MB): peak = 699.270 ; gain = 445.688
Finished Renaming Generated Nets : Time (s): cpu = 00:00:25 ; elapsed = 00:00:25 . Memory (MB): peak = 699.270 ; gain = 445.688

Report Cell Usage: 
+------+-----+------+
|      |Cell |Count |
+------+-----+------+
|1     |LUT1 |     2|
|2     |LUT2 |    13|
|3     |LUT3 |     6|
|4     |LUT4 |    22|
|5     |LUT5 |    19|
|6     |LUT6 |    26|
|7     |FDR  |    32|
|8     |FDRE |   105|
|9     |FDSE |    10|
+------+-----+------+
Finished Writing Synthesis Report : Time (s): cpu = 00:00:25 ; elapsed = 00:00:25 . Memory (MB): peak = 699.270 ; gain = 445.688
synth_design: Time (s): cpu = 00:00:26 ; elapsed = 00:00:26 . Memory (MB): peak = 699.270 ; gain = 447.730
